#
# A fatal error has been detected by the Java Runtime Environment:
#
#  Internal Error (./open/src/hotspot/share/interpreter/oopMapCache.cpp:111), pid=23308, tid=22400
#  Error: ShouldNotReachHere()
#
# JRE version: OpenJDK Runtime Environment (15.0+36) (build 15+36-1562)
# Java VM: OpenJDK 64-Bit Server VM (15+36-1562, mixed mode, tiered, compressed oops, g1 gc, windows-amd64)
# No core dump will be written. Minidumps are not enabled by default on client versions of Windows
#
# If you would like to submit a bug report, please visit:
#   https://bugreport.java.com/bugreport/crash.jsp
#

---------------  S U M M A R Y ------------

Command Line: -XX:+ShowCodeDetailsInExceptionMessages -agentlib:jdwp=transport=dt_socket,suspend=y,address=localhost:49453 -ea -javaagent:E:\SpringTool\sts-4.8.1.RELEASE\configuration\org.eclipse.osgi\262\0\.cp\lib\javaagent-shaded.jar -Dfile.encoding=UTF-8 --module-path=E:\Apache_log4j\log4j-core-2.14.0.jar;D:\Spring_workplace\jacoco-maven-plugin-0.8.6.jar org.eclipse.jdt.internal.junit.runner.RemoteTestRunner -version 3 -port 49452 -testLoaderClass org.eclipse.jdt.internal.junit5.runner.JUnit5TestLoader -loaderpluginname org.eclipse.jdt.junit5.runtime -classNames com.safety.net.services.ListConstructTest

Host: AMD Ryzen 7 2700X Eight-Core Processor         , 16 cores, 15G,  Windows 10 , 64 bit Build 19041 (10.0.19041.804)
Time: Mon Mar 15 17:18:46 2021 Paris, Madrid elapsed time: 364.498440 seconds (0d 0h 6m 4s)

---------------  T H R E A D  ---------------

Current thread (0x000002548090aac0):  JavaThread "JDWP Transport Listener: dt_socket" daemon [_thread_in_vm, id=22400, stack(0x000000b788600000,0x000000b788700000)] _threads_hazard_ptr=0x00000254831f6090

Stack: [0x000000b788600000,0x000000b788700000]
Native frames: (J=compiled Java code, j=interpreted, Vv=VM code, C=native code)
V  [jvm.dll+0x629eaa]
V  [jvm.dll+0x780379]
V  [jvm.dll+0x781ad3]
V  [jvm.dll+0x7820e7]
V  [jvm.dll+0x21593c]
V  [jvm.dll+0x215883]
V  [jvm.dll+0x618d6a]
V  [jvm.dll+0x618a23]
V  [jvm.dll+0x5de258]
V  [jvm.dll+0x7773df]
V  [jvm.dll+0x4ef581]
V  [jvm.dll+0x786e85]
V  [jvm.dll+0x4d33da]
V  [jvm.dll+0x49455b]
C  [jdwp.dll+0x796b]


---------------  P R O C E S S  ---------------

Threads class SMR info:
_java_thread_list=0x00000254831f6090, length=15, elements={
0x00000254e00bfd40, 0x00000254ffa91020, 0x00000254ffa93600, 0x00000254ffb7f2b0,
0x00000254ffb7f880, 0x00000254ffb7fe50, 0x00000254ffb80750, 0x00000254ffb8b9c0,
0x00000254ffb93ec0, 0x00000254ffe3c420, 0x000002548090aac0, 0x0000025480b3b670,
0x0000025480b3bb60, 0x0000025480db4650, 0x00000254827b1e50
}

Java Threads: ( => current thread )
  0x00000254e00bfd40 JavaThread "main" [_thread_blocked, id=24004, stack(0x000000b787100000,0x000000b787200000)]
  0x00000254ffa91020 JavaThread "Reference Handler" daemon [_thread_blocked, id=12348, stack(0x000000b787800000,0x000000b787900000)]
  0x00000254ffa93600 JavaThread "Finalizer" daemon [_thread_blocked, id=12320, stack(0x000000b787900000,0x000000b787a00000)]
  0x00000254ffb7f2b0 JavaThread "Signal Dispatcher" daemon [_thread_blocked, id=10200, stack(0x000000b787a00000,0x000000b787b00000)]
  0x00000254ffb7f880 JavaThread "Attach Listener" daemon [_thread_blocked, id=21164, stack(0x000000b787b00000,0x000000b787c00000)]
  0x00000254ffb7fe50 JavaThread "Service Thread" daemon [_thread_blocked, id=20228, stack(0x000000b787c00000,0x000000b787d00000)]
  0x00000254ffb80750 JavaThread "C2 CompilerThread0" daemon [_thread_blocked, id=22924, stack(0x000000b787d00000,0x000000b787e00000)]
  0x00000254ffb8b9c0 JavaThread "C1 CompilerThread0" daemon [_thread_blocked, id=7892, stack(0x000000b787e00000,0x000000b787f00000)]
  0x00000254ffb93ec0 JavaThread "Sweeper thread" daemon [_thread_blocked, id=12564, stack(0x000000b787f00000,0x000000b788000000)]
  0x00000254ffe3c420 JavaThread "Common-Cleaner" daemon [_thread_blocked, id=15888, stack(0x000000b788000000,0x000000b788100000)]
=>0x000002548090aac0 JavaThread "JDWP Transport Listener: dt_socket" daemon [_thread_in_vm, id=22400, stack(0x000000b788600000,0x000000b788700000)] _threads_hazard_ptr=0x00000254831f6090
  0x0000025480b3b670 JavaThread "JDWP Event Helper Thread" daemon [_thread_blocked, id=19892, stack(0x000000b788700000,0x000000b788800000)]
  0x0000025480b3bb60 JavaThread "JDWP Command Reader" daemon [_thread_in_native, id=14232, stack(0x000000b788800000,0x000000b788900000)]
  0x0000025480db4650 JavaThread "Notification Thread" daemon [_thread_blocked, id=10904, stack(0x000000b788900000,0x000000b788a00000)]
  0x00000254827b1e50 JavaThread "ReaderThread" [_thread_in_native, id=3228, stack(0x000000b789200000,0x000000b789300000)]

Other Threads:
  0x00000254ffb2df60 VMThread "VM Thread" [stack: 0x000000b787700000,0x000000b787800000] [id=17532]
  0x0000025480db4b20 WatcherThread [stack: 0x000000b788a00000,0x000000b788b00000] [id=3628]
  0x00000254ddfde800 GCTaskThread "GC Thread#0" [stack: 0x000000b787200000,0x000000b787300000] [id=14892]
  0x0000025480a0e020 GCTaskThread "GC Thread#1" [stack: 0x000000b788b00000,0x000000b788c00000] [id=22180]
  0x0000025480a0e9b0 GCTaskThread "GC Thread#2" [stack: 0x000000b788c00000,0x000000b788d00000] [id=5140]
  0x0000025480a0ece0 GCTaskThread "GC Thread#3" [stack: 0x000000b788d00000,0x000000b788e00000] [id=14576]
  0x0000025481a1eb90 GCTaskThread "GC Thread#4" [stack: 0x000000b788e00000,0x000000b788f00000] [id=8168]
  0x0000025481a1eec0 GCTaskThread "GC Thread#5" [stack: 0x000000b788f00000,0x000000b789000000] [id=9380]
  0x00000254e0122530 ConcurrentGCThread "G1 Main Marker" [stack: 0x000000b787300000,0x000000b787400000] [id=22992]
  0x00000254e0123850 ConcurrentGCThread "G1 Conc#0" [stack: 0x000000b787400000,0x000000b787500000] [id=8580]
  0x0000025481a20ea0 ConcurrentGCThread "G1 Conc#1" [stack: 0x000000b786e00000,0x000000b786f00000] [id=19624]
  0x0000025481a224f0 ConcurrentGCThread "G1 Conc#2" [stack: 0x000000b786f00000,0x000000b787000000] [id=1524]
  0x00000254e017d580 ConcurrentGCThread "G1 Refine#0" [stack: 0x000000b787500000,0x000000b787600000] [id=11976]
  0x00000254e017d9e0 ConcurrentGCThread "G1 Young RemSet Sampling" [stack: 0x000000b787600000,0x000000b787700000] [id=14596]

Threads with active compile tasks:

VM state: not at safepoint (normal execution)

VM Mutex/Monitor currently owned by a thread: None

Heap address: 0x0000000701000000, size: 4080 MB, Compressed Oops mode: Zero based, Oop shift amount: 3
CDS disabled.
Compressed class space mapped at: 0x0000000800000000-0x0000000840000000, size: 1073741824
Narrow klass base: 0x0000000800000000, Narrow klass shift: 0, Narrow klass range: 0x40000000

GC Precious Log:
 CPUs: 16 total, 16 available
 Memory: 16312M
 Large Page Support: Disabled
 NUMA Support: Disabled
 Compressed Oops: Enabled (Zero based)
 Heap Region Size: 2M
 Heap Min Capacity: 8M
 Heap Initial Capacity: 256M
 Heap Max Capacity: 4080M
 Pre-touch: Disabled
 Parallel Workers: 13
 Concurrent Workers: 3
 Concurrent Refinement Workers: 13
 Periodic GC: Disabled

Heap:
 garbage-first heap   total 40960K, used 12618K [0x0000000701000000, 0x0000000800000000)
  region size 2048K, 5 young (10240K), 2 survivors (4096K)
 Metaspace       used 21636K, capacity 21966K, committed 22144K, reserved 1069056K
  class space    used 2598K, capacity 2664K, committed 2688K, reserved 1048576K

Heap Regions: E=young(eden), S=young(survivor), O=old, HS=humongous(starts), HC=humongous(continues), CS=collection set, F=free, OA=open archive, CA=closed archive, TAMS=top-at-mark-start (previous, next)
|   0|0x0000000701000000, 0x0000000701200000, 0x0000000701200000|100%| O|  |TAMS 0x0000000701200000, 0x0000000701000000| Untracked 
|   1|0x0000000701200000, 0x0000000701400000, 0x0000000701400000|100%| O|  |TAMS 0x0000000701400000, 0x0000000701200000| Untracked 
|   2|0x0000000701400000, 0x00000007015d9a00, 0x0000000701600000| 92%| O|  |TAMS 0x00000007015d9a00, 0x0000000701400000| Untracked 
|   3|0x0000000701600000, 0x0000000701600000, 0x0000000701800000|  0%| F|  |TAMS 0x0000000701600000, 0x0000000701600000| Untracked 
|   4|0x0000000701800000, 0x0000000701800000, 0x0000000701a00000|  0%| F|  |TAMS 0x0000000701800000, 0x0000000701800000| Untracked 
|   5|0x0000000701a00000, 0x0000000701a00000, 0x0000000701c00000|  0%| F|  |TAMS 0x0000000701a00000, 0x0000000701a00000| Untracked 
|   6|0x0000000701c00000, 0x0000000701c00000, 0x0000000701e00000|  0%| F|  |TAMS 0x0000000701c00000, 0x0000000701c00000| Untracked 
|   7|0x0000000701e00000, 0x0000000701e00000, 0x0000000702000000|  0%| F|  |TAMS 0x0000000701e00000, 0x0000000701e00000| Untracked 
|   8|0x0000000702000000, 0x0000000702000000, 0x0000000702200000|  0%| F|  |TAMS 0x0000000702000000, 0x0000000702000000| Untracked 
|   9|0x0000000702200000, 0x0000000702200000, 0x0000000702400000|  0%| F|  |TAMS 0x0000000702200000, 0x0000000702200000| Untracked 
|  10|0x0000000702400000, 0x0000000702400000, 0x0000000702600000|  0%| F|  |TAMS 0x0000000702400000, 0x0000000702400000| Untracked 
|  11|0x0000000702600000, 0x0000000702600000, 0x0000000702800000|  0%| F|  |TAMS 0x0000000702600000, 0x0000000702600000| Untracked 
|  12|0x0000000702800000, 0x0000000702800000, 0x0000000702a00000|  0%| F|  |TAMS 0x0000000702800000, 0x0000000702800000| Untracked 
|  13|0x0000000702a00000, 0x0000000702a00000, 0x0000000702c00000|  0%| F|  |TAMS 0x0000000702a00000, 0x0000000702a00000| Untracked 
|  14|0x0000000702c00000, 0x0000000702c00000, 0x0000000702e00000|  0%| F|  |TAMS 0x0000000702c00000, 0x0000000702c00000| Untracked 
|  15|0x0000000702e00000, 0x0000000703000000, 0x0000000703000000|100%| E|  |TAMS 0x0000000702e00000, 0x0000000702e00000| Complete 
|  16|0x0000000703000000, 0x0000000703200000, 0x0000000703200000|100%| E|CS|TAMS 0x0000000703000000, 0x0000000703000000| Complete 
|  93|0x000000070ca00000, 0x000000070ca79198, 0x000000070cc00000| 23%| S|CS|TAMS 0x000000070ca00000, 0x000000070ca00000| Complete 
|  94|0x000000070cc00000, 0x000000070ce00000, 0x000000070ce00000|100%| S|CS|TAMS 0x000000070cc00000, 0x000000070cc00000| Complete 
| 127|0x0000000710e00000, 0x0000000711000000, 0x0000000711000000|100%| E|CS|TAMS 0x0000000710e00000, 0x0000000710e00000| Complete 

Card table byte_map: [0x00000254f3b40000,0x00000254f4340000] _byte_map_base: 0x00000254f0338000

Marking Bits (Prev, Next): (CMBitMap*) 0x00000254e0111c10, (CMBitMap*) 0x00000254e0111bd0
 Prev Bits: [0x00000254f8b00000, 0x00000254fcac0000)
 Next Bits: [0x00000254f4b40000, 0x00000254f8b00000)

Polling page: 0x00000254ddff0000

Metaspace:

Usage:
  Non-class:     18.85 MB capacity,    18.59 MB ( 99%) used,   242.46 KB (  1%) free+waste,    21.75 KB ( <1%) overhead. 
      Class:      2.60 MB capacity,     2.54 MB ( 98%) used,    57.26 KB (  2%) free+waste,     8.19 KB ( <1%) overhead. 
       Both:     21.45 MB capacity,    21.13 MB ( 98%) used,   299.72 KB (  1%) free+waste,    29.94 KB ( <1%) overhead. 

Virtual space:
  Non-class space:       20.00 MB reserved,      19.00 MB ( 95%) committed 
      Class space:        1.00 GB reserved,       2.62 MB ( <1%) committed 
             Both:        1.02 GB reserved,      21.62 MB (  2%) committed 

Chunk freelists:
   Non-Class:  26.00 KB
       Class:  24.00 KB
        Both:  50.00 KB

MaxMetaspaceSize: 17179869184.00 GB
CompressedClassSpaceSize: 1.00 GB

CodeHeap 'non-profiled nmethods': size=119168Kb used=1271Kb max_used=1271Kb free=117896Kb
 bounds [0x00000254eb660000, 0x00000254eb8d0000, 0x00000254f2ac0000]
CodeHeap 'profiled nmethods': size=119104Kb used=4044Kb max_used=4044Kb free=115059Kb
 bounds [0x00000254e4210000, 0x00000254e4610000, 0x00000254eb660000]
CodeHeap 'non-nmethods': size=7488Kb used=1262Kb max_used=3040Kb free=6225Kb
 bounds [0x00000254e3ac0000, 0x00000254e3dd0000, 0x00000254e4210000]
 total_blobs=2454 nmethods=2029 adapters=337
 compilation: enabled
              stopped_count=0, restarted_count=0
 full_count=0

Compilation events (20 events):
Event: 2.889 Thread 0x0000025480823c10 nmethod 2022 0x00000254e45fda90 code [0x00000254e45fdc40, 0x00000254e45fde78]
Event: 2.890 Thread 0x0000025480823c10 2023       3       java.util.zip.Checksum::update (11 bytes)
Event: 2.890 Thread 0x00000254ffb8b9c0 2024       3       java.util.zip.CRC32::update (51 bytes)
Event: 2.890 Thread 0x00000254ffe6d550 2025       3       java.util.zip.CRC32::updateBytes (14 bytes)
Event: 2.890 Thread 0x0000025480823c10 nmethod 2023 0x00000254e45fe010 code [0x00000254e45fe1c0, 0x00000254e45fe3c8]
Event: 2.890 Thread 0x00000254ffe6d550 nmethod 2025 0x00000254e45fe490 code [0x00000254e45fe640, 0x00000254e45fe7a8]
Event: 2.890 Thread 0x0000025480823c10 2026       3       java.util.zip.CRC32::updateBytesCheck (55 bytes)
Event: 2.890 Thread 0x00000254ffe6d550 2027       3       sun.util.calendar.ZoneInfoFile$Checksum::update (39 bytes)
Event: 2.890 Thread 0x00000254ffb8b9c0 nmethod 2024 0x00000254e45fe890 code [0x00000254e45fea80, 0x00000254e45feec8]
Event: 2.890 Thread 0x00000254ffe6d550 nmethod 2027 0x00000254e45ff090 code [0x00000254e45ff240, 0x00000254e45ff5c8]
Event: 2.890 Thread 0x0000025480823c10 nmethod 2026 0x00000254e45ff710 code [0x00000254e45ff920, 0x00000254e45ffdc8]
Event: 2.901 Thread 0x0000025480823c10 2028       1       java.util.concurrent.ConcurrentHashMap$MapEntry::getKey (5 bytes)
Event: 2.901 Thread 0x00000254ffe6d550 2029       1       java.util.concurrent.ConcurrentHashMap$MapEntry::getValue (5 bytes)
Event: 2.901 Thread 0x0000025480823c10 nmethod 2028 0x00000254eb79a990 code [0x00000254eb79ab20, 0x00000254eb79abd8]
Event: 2.901 Thread 0x00000254ffe6d550 nmethod 2029 0x00000254eb79ac90 code [0x00000254eb79ae20, 0x00000254eb79aed8]
Event: 2.901 Thread 0x00000254ffb8b9c0 2030       3       java.util.Properties::saveConvert (434 bytes)
Event: 2.902 Thread 0x00000254ffb80750 nmethod 2009 0x00000254eb79af90 code [0x00000254eb79b160, 0x00000254eb79c858]
Event: 2.902 Thread 0x00000254ffb8b9c0 nmethod 2030 0x00000254e4600010 code [0x00000254e46004c0, 0x00000254e4602548]
Event: 2.902 Thread 0x00000254ffb80750 2011       4       java.lang.String::<init> (14 bytes)
Event: 2.907 Thread 0x00000254ffb80750 nmethod 2011 0x00000254eb79d190 code [0x00000254eb79d320, 0x00000254eb79daf8]

GC Heap History (6 events):
Event: 0.564 GC heap before
{Heap before GC invocations=0 (full 0):
 garbage-first heap   total 262144K, used 22528K [0x0000000701000000, 0x0000000800000000)
  region size 2048K, 11 young (22528K), 0 survivors (0K)
 Metaspace       used 10730K, capacity 10788K, committed 11008K, reserved 1058816K
  class space    used 940K, capacity 955K, committed 1024K, reserved 1048576K
}
Event: 0.567 GC heap after
{Heap after GC invocations=1 (full 0):
 garbage-first heap   total 262144K, used 6230K [0x0000000701000000, 0x0000000800000000)
  region size 2048K, 2 young (4096K), 2 survivors (4096K)
 Metaspace       used 10730K, capacity 10788K, committed 11008K, reserved 1058816K
  class space    used 940K, capacity 955K, committed 1024K, reserved 1048576K
}
Event: 0.867 GC heap before
{Heap before GC invocations=1 (full 0):
 garbage-first heap   total 262144K, used 30806K [0x0000000701000000, 0x0000000800000000)
  region size 2048K, 14 young (28672K), 2 survivors (4096K)
 Metaspace       used 14867K, capacity 15088K, committed 15104K, reserved 1062912K
  class space    used 1459K, capacity 1529K, committed 1536K, reserved 1048576K
}
Event: 0.870 GC heap after
{Heap after GC invocations=2 (full 0):
 garbage-first heap   total 262144K, used 7062K [0x0000000701000000, 0x0000000800000000)
  region size 2048K, 1 young (2048K), 1 survivors (2048K)
 Metaspace       used 14867K, capacity 15088K, committed 15104K, reserved 1062912K
  class space    used 1459K, capacity 1529K, committed 1536K, reserved 1048576K
}
Event: 245.071 GC heap before
{Heap before GC invocations=2 (full 0):
 garbage-first heap   total 262144K, used 70550K [0x0000000701000000, 0x0000000800000000)
  region size 2048K, 33 young (67584K), 1 survivors (2048K)
 Metaspace       used 20968K, capacity 21198K, committed 21248K, reserved 1069056K
  class space    used 2494K, capacity 2536K, committed 2560K, reserved 1048576K
}
Event: 245.073 GC heap after
{Heap after GC invocations=3 (full 0):
 garbage-first heap   total 262144K, used 8522K [0x0000000701000000, 0x0000000800000000)
  region size 2048K, 2 young (4096K), 2 survivors (4096K)
 Metaspace       used 20968K, capacity 21198K, committed 21248K, reserved 1069056K
  class space    used 2494K, capacity 2536K, committed 2560K, reserved 1048576K
}

Deoptimization events (20 events):
Event: 1.210 Thread 0x00000254e00bfd40 DEOPT PACKING pc=0x00000254e4435c11 sp=0x000000b7871f8370
Event: 1.210 Thread 0x00000254e00bfd40 DEOPT UNPACKING pc=0x00000254e3b0e23f sp=0x000000b7871f7920 mode 0
Event: 1.234 Thread 0x00000254e00bfd40 DEOPT PACKING pc=0x00000254e453fc3c sp=0x000000b7871fabe0
Event: 1.234 Thread 0x00000254e00bfd40 DEOPT UNPACKING pc=0x00000254e3b0e23f sp=0x000000b7871fa0d0 mode 1
Event: 1.244 Thread 0x00000254e00bfd40 DEOPT PACKING pc=0x00000254e4435c11 sp=0x000000b7871f81e0
Event: 1.244 Thread 0x00000254e00bfd40 DEOPT UNPACKING pc=0x00000254e3b0e23f sp=0x000000b7871f7790 mode 0
Event: 1.286 Thread 0x00000254e00bfd40 DEOPT PACKING pc=0x00000254e4435c11 sp=0x000000b7871f93b0
Event: 1.286 Thread 0x00000254e00bfd40 DEOPT UNPACKING pc=0x00000254e3b0e23f sp=0x000000b7871f8960 mode 0
Event: 1.294 Thread 0x00000254e00bfd40 Uncommon trap: trap_request=0xffffff45 fr.pc=0x00000254eb7294bc relative=0x00000000000021dc
Event: 1.294 Thread 0x00000254e00bfd40 Uncommon trap: reason=unstable_if action=reinterpret pc=0x00000254eb7294bc method=jdk.internal.loader.URLClassPath.getResource(Ljava/lang/String;Z)Ljdk/internal/loader/Resource; @ 47 c2
Event: 1.294 Thread 0x00000254e00bfd40 DEOPT PACKING pc=0x00000254eb7294bc sp=0x000000b7871fae10
Event: 1.294 Thread 0x00000254e00bfd40 DEOPT UNPACKING pc=0x00000254e3b0e42f sp=0x000000b7871faea0 mode 2
Event: 1.294 Thread 0x00000254e00bfd40 DEOPT PACKING pc=0x00000254e4450004 sp=0x000000b7871fb1d0
Event: 1.294 Thread 0x00000254e00bfd40 DEOPT UNPACKING pc=0x00000254e3b0e23f sp=0x000000b7871fa668 mode 1
Event: 1.294 Thread 0x00000254e00bfd40 DEOPT PACKING pc=0x00000254e444275c sp=0x000000b7871fb2a0
Event: 1.294 Thread 0x00000254e00bfd40 DEOPT UNPACKING pc=0x00000254e3b0e23f sp=0x000000b7871fa758 mode 1
Event: 2.893 Thread 0x00000254ffb7f880 Uncommon trap: trap_request=0xffffff45 fr.pc=0x00000254eb70a9d0 relative=0x00000000000010b0
Event: 2.893 Thread 0x00000254ffb7f880 Uncommon trap: reason=unstable_if action=reinterpret pc=0x00000254eb70a9d0 method=java.util.concurrent.ConcurrentHashMap.putVal(Ljava/lang/Object;Ljava/lang/Object;Z)Ljava/lang/Object; @ 148 c2
Event: 2.893 Thread 0x00000254ffb7f880 DEOPT PACKING pc=0x00000254eb70a9d0 sp=0x000000b787bfdfc0
Event: 2.893 Thread 0x00000254ffb7f880 DEOPT UNPACKING pc=0x00000254e3b0e42f sp=0x000000b787bfdf60 mode 2

Classes unloaded (0 events):
No events

Classes redefined (3 events):
Event: 66.740 Thread 0x00000254ffb2df60 redefined class name=com.safety.net.services.ListConstructTest, count=1
Event: 188.954 Thread 0x00000254ffb2df60 redefined class name=com.safety.net.services.DataReader, count=1
Event: 364.142 Thread 0x00000254ffb2df60 redefined class name=com.safety.net.services.ListConstructTest, count=2

Internal exceptions (20 events):
Event: 0.700 Thread 0x00000254e00bfd40 Exception <a 'java/lang/NoSuchMethodError'{0x0000000710473178}: 'void java.lang.invoke.DirectMethodHandle$Holder.invokeStaticInit(java.lang.Object, java.lang.Object, java.lang.Object)'> (0x0000000710473178) 
thrown [./open/src/hotspot/share/interpreter/linkResolver.cpp, line 782]
Event: 0.723 Thread 0x00000254e00bfd40 Exception <a 'java/lang/NoSuchMethodError'{0x000000071052eeb0}: 'java.lang.Object java.lang.invoke.DirectMethodHandle$Holder.newInvokeSpecial(java.lang.Object, java.lang.Object, java.lang.Object, java.lang.Object, java.lang.Object)'> (0x000000071052eeb0) 
thrown [./open/src/hotspot/share/interpreter/linkResolver.cpp, line 782]
Event: 0.752 Thread 0x00000254e00bfd40 Exception <a 'java/lang/NoSuchMethodError'{0x00000007100100f0}: 'java.lang.Object java.lang.invoke.DirectMethodHandle$Holder.invokeSpecialIFC(java.lang.Object, java.lang.Object, java.lang.Object, java.lang.Object)'> (0x00000007100100f0) 
thrown [./open/src/hotspot/share/interpreter/linkResolver.cpp, line 782]
Event: 0.761 Thread 0x00000254e00bfd40 Exception <a 'java/lang/NoSuchMethodError'{0x00000007100b4250}: 'void java.lang.invoke.DirectMethodHandle$Holder.invokeInterface(java.lang.Object, java.lang.Object, java.lang.Object)'> (0x00000007100b4250) 
thrown [./open/src/hotspot/share/interpreter/linkResolver.cpp, line 782]
Event: 0.767 Thread 0x00000254e00bfd40 Exception <a 'java/lang/NoSuchMethodError'{0x0000000710144708}: 'java.lang.Object java.lang.invoke.DirectMethodHandle$Holder.newInvokeSpecial(java.lang.Object, java.lang.Object, java.lang.Object, java.lang.Object, java.lang.Object, java.lang.Object)'> (0x0000000710144708) 
thrown [./open/src/hotspot/share/interpreter/linkResolver.cpp, line 782]
Event: 0.771 Thread 0x00000254e00bfd40 Exception <a 'java/lang/NoSuchMethodError'{0x00000007101e2048}: 'void java.lang.invoke.DirectMethodHandle$Holder.invokeInterface(java.lang.Object, java.lang.Object, java.lang.Object, java.lang.Object, java.lang.Object)'> (0x00000007101e2048) 
thrown [./open/src/hotspot/share/interpreter/linkResolver.cpp, line 782]
Event: 0.771 Thread 0x00000254e00bfd40 Exception <a 'java/lang/IncompatibleClassChangeError'{0x00000007101e5c78}: Found class java.lang.Object, but interface was expected> (0x00000007101e5c78) 
thrown [./open/src/hotspot/share/interpreter/linkResolver.cpp, line 848]
Event: 0.777 Thread 0x00000254e00bfd40 Exception <a 'java/lang/IncompatibleClassChangeError'{0x000000070fe37ad8}: Found class java.lang.Object, but interface was expected> (0x000000070fe37ad8) 
thrown [./open/src/hotspot/share/interpreter/linkResolver.cpp, line 848]
Event: 0.798 Thread 0x00000254e00bfd40 Exception <a 'java/lang/NoSuchMethodError'{0x000000070ff8e5b0}: 'void java.lang.invoke.DirectMethodHandle$Holder.invokeInterface(java.lang.Object, java.lang.Object, java.lang.Object, java.lang.Object)'> (0x000000070ff8e5b0) 
thrown [./open/src/hotspot/share/interpreter/linkResolver.cpp, line 782]
Event: 0.798 Thread 0x00000254e00bfd40 Exception <a 'java/lang/IncompatibleClassChangeError'{0x000000070ff91c10}: Found class java.lang.Object, but interface was expected> (0x000000070ff91c10) 
thrown [./open/src/hotspot/share/interpreter/linkResolver.cpp, line 848]
Event: 0.810 Thread 0x00000254e00bfd40 Exception <a 'java/lang/NoSuchMethodError'{0x000000070fca1d00}: 'int java.lang.invoke.DirectMethodHandle$Holder.invokeStatic(java.lang.Object, java.lang.Object, java.lang.Object, java.lang.Object)'> (0x000000070fca1d00) 
thrown [./open/src/hotspot/share/interpreter/linkResolver.cpp, line 782]
Event: 0.810 Thread 0x00000254e00bfd40 Exception <a 'java/lang/NoSuchMethodError'{0x000000070fca5858}: 'java.lang.Object java.lang.invoke.Invokers$Holder.invokeExact_MT(java.lang.Object, java.lang.Object, java.lang.Object, java.lang.Object, java.lang.Object, java.lang.Object)'> (0x000000070fca5858) 
thrown [./open/src/hotspot/share/interpreter/linkResolver.cpp, line 782]
Event: 0.811 Thread 0x00000254e00bfd40 Exception <a 'java/lang/NoSuchMethodError'{0x000000070fcb6688}: 'int java.lang.invoke.DirectMethodHandle$Holder.invokeStatic(java.lang.Object, java.lang.Object, java.lang.Object, java.lang.Object, java.lang.Object)'> (0x000000070fcb6688) 
thrown [./open/src/hotspot/share/interpreter/linkResolver.cpp, line 782]
Event: 0.835 Thread 0x00000254e00bfd40 Exception <a 'java/lang/NoSuchMethodError'{0x000000070fb58948}: 'int java.lang.invoke.DirectMethodHandle$Holder.invokeStaticInit(java.lang.Object, java.lang.Object, java.lang.Object)'> (0x000000070fb58948) 
thrown [./open/src/hotspot/share/interpreter/linkResolver.cpp, line 782]
Event: 0.856 Thread 0x00000254e00bfd40 Exception <a 'java/lang/NoSuchMethodError'{0x000000070f4b8260}: 'java.lang.Object java.lang.invoke.DirectMethodHandle$Holder.newInvokeSpecial(java.lang.Object, java.lang.Object, java.lang.Object, java.lang.Object, java.lang.Object, java.lang.Object, java.lang.Object)'> (0x000000070f4b8260) 
thrown [./open/src/hotspot/share/interpreter/linkResolver.cpp, line 782]
Event: 0.856 Thread 0x00000254e00bfd40 Exception <a 'java/lang/NoSuchMethodError'{0x000000070f4bd018}: 'java.lang.Object java.lang.invoke.Invokers$Holder.linkToTargetMethod(java.lang.Object, java.lang.Object, java.lang.Object, java.lang.Object, java.lang.Object, java.lang.Object, java.lang.Object)'> (0x000000070f4bd018) 
thrown [./open/src/hotspot/share/interpreter/linkResolver.cpp, line 782]
Event: 0.857 Thread 0x00000254e00bfd40 Exception <a 'java/lang/NoSuchMethodError'{0x000000070f4c8c30}: 'java.lang.Object java.lang.invoke.DirectMethodHandle$Holder.invokeInterface(java.lang.Object, java.lang.Object, java.lang.Object, java.lang.Object, java.lang.Object)'> (0x000000070f4c8c30) 
thrown [./open/src/hotspot/share/interpreter/linkResolver.cpp, line 782]
Event: 0.857 Thread 0x00000254e00bfd40 Exception <a 'java/lang/IncompatibleClassChangeError'{0x000000070f4ccc28}: Found class java.lang.Object, but interface was expected> (0x000000070f4ccc28) 
thrown [./open/src/hotspot/share/interpreter/linkResolver.cpp, line 848]
Event: 1.234 Thread 0x00000254e00bfd40 Exception <a 'java/lang/ClassNotFoundException'{0x000000070e081ed0}: java/lang/ClassLoader$ByteBuddyAccessor$5mT6NFeZ> (0x000000070e081ed0) 
thrown [./open/src/hotspot/share/classfile/systemDictionary.cpp, line 295]
Event: 364.496 Thread 0x000002548090aac0 Exception <a 'java/lang/LinkageError'{0x0000000702f0d060}> (0x0000000702f0d060) 
thrown [./open/src/hotspot/share/oops/generateOopMap.cpp, line 2137]

Events (20 events):
Event: 364.159 Executing VM operation: ChangeBreakpoints
Event: 364.160 Executing VM operation: ChangeBreakpoints done
Event: 364.164 Executing VM operation: ChangeBreakpoints
Event: 364.164 Executing VM operation: ChangeBreakpoints done
Event: 364.169 Executing VM operation: ChangeBreakpoints
Event: 364.169 Executing VM operation: ChangeBreakpoints done
Event: 364.174 Executing VM operation: ChangeBreakpoints
Event: 364.175 Executing VM operation: ChangeBreakpoints done
Event: 364.180 Executing VM operation: ChangeBreakpoints
Event: 364.180 Executing VM operation: ChangeBreakpoints done
Event: 364.185 Executing VM operation: ChangeBreakpoints
Event: 364.185 Executing VM operation: ChangeBreakpoints done
Event: 364.186 Executing VM operation: GetFrameCount
Event: 364.186 Executing VM operation: GetFrameCount done
Event: 364.186 Executing VM operation: GetStackTrace
Event: 364.186 Executing VM operation: GetStackTrace done
Event: 364.491 Executing VM operation: GetFrameCount
Event: 364.491 Executing VM operation: GetFrameCount done
Event: 364.495 Executing VM operation: GetFrameLocation
Event: 364.496 Executing VM operation: GetFrameLocation done


Dynamic libraries:
0x00007ff7bfd20000 - 0x00007ff7bfd2d000 	E:\SpringTool\sts-4.8.1.RELEASE\plugins\org.eclipse.justj.openjdk.hotspot.jre.full.win32.x86_64_15.0.0.v20201014-1246\jre\bin\javaw.exe
0x00007ff874510000 - 0x00007ff874705000 	C:\WINDOWS\SYSTEM32\ntdll.dll
0x00007ff8726e0000 - 0x00007ff87279d000 	C:\WINDOWS\System32\KERNEL32.DLL
0x00007ff871f90000 - 0x00007ff872259000 	C:\WINDOWS\System32\KERNELBASE.dll
0x00007ff8723e0000 - 0x00007ff8724e0000 	C:\WINDOWS\System32\ucrtbase.dll
0x00007ff86cbb0000 - 0x00007ff86cbc8000 	E:\SpringTool\sts-4.8.1.RELEASE\plugins\org.eclipse.justj.openjdk.hotspot.jre.full.win32.x86_64_15.0.0.v20201014-1246\jre\bin\jli.dll
0x00007ff86cc80000 - 0x00007ff86cc99000 	E:\SpringTool\sts-4.8.1.RELEASE\plugins\org.eclipse.justj.openjdk.hotspot.jre.full.win32.x86_64_15.0.0.v20201014-1246\jre\bin\VCRUNTIME140.dll
0x00007ff872540000 - 0x00007ff8726e0000 	C:\WINDOWS\System32\USER32.dll
0x00007ff872260000 - 0x00007ff872282000 	C:\WINDOWS\System32\win32u.dll
0x00007ff857f40000 - 0x00007ff8581da000 	C:\WINDOWS\WinSxS\amd64_microsoft.windows.common-controls_6595b64144ccf1df_6.0.19041.844_none_ca00b6081b84eb1d\COMCTL32.dll
0x00007ff873270000 - 0x00007ff87329a000 	C:\WINDOWS\System32\GDI32.dll
0x00007ff872cb0000 - 0x00007ff872d4e000 	C:\WINDOWS\System32\msvcrt.dll
0x00007ff871cf0000 - 0x00007ff871dfb000 	C:\WINDOWS\System32\gdi32full.dll
0x00007ff872290000 - 0x00007ff87232d000 	C:\WINDOWS\System32\msvcp_win.dll
0x00007ff8738c0000 - 0x00007ff8738f0000 	C:\WINDOWS\System32\IMM32.DLL
0x00007ff86dbd0000 - 0x00007ff86dbdc000 	E:\SpringTool\sts-4.8.1.RELEASE\plugins\org.eclipse.justj.openjdk.hotspot.jre.full.win32.x86_64_15.0.0.v20201014-1246\jre\bin\vcruntime140_1.dll
0x00007ff861d00000 - 0x00007ff861d91000 	E:\SpringTool\sts-4.8.1.RELEASE\plugins\org.eclipse.justj.openjdk.hotspot.jre.full.win32.x86_64_15.0.0.v20201014-1246\jre\bin\msvcp140.dll
0x00007ff84c3c0000 - 0x00007ff84cf1c000 	E:\SpringTool\sts-4.8.1.RELEASE\plugins\org.eclipse.justj.openjdk.hotspot.jre.full.win32.x86_64_15.0.0.v20201014-1246\jre\bin\server\jvm.dll
0x00007ff873570000 - 0x00007ff87361c000 	C:\WINDOWS\System32\ADVAPI32.dll
0x00007ff8739e0000 - 0x00007ff873a7c000 	C:\WINDOWS\System32\sechost.dll
0x00007ff873c20000 - 0x00007ff873d4b000 	C:\WINDOWS\System32\RPCRT4.dll
0x00007ff8738f0000 - 0x00007ff8738f8000 	C:\WINDOWS\System32\PSAPI.DLL
0x00007ff869f00000 - 0x00007ff869f0a000 	C:\WINDOWS\SYSTEM32\VERSION.dll
0x00007ff8657e0000 - 0x00007ff865807000 	C:\WINDOWS\SYSTEM32\WINMM.dll
0x00007ff86cc60000 - 0x00007ff86cc69000 	C:\WINDOWS\SYSTEM32\WSOCK32.dll
0x00007ff873300000 - 0x00007ff87336b000 	C:\WINDOWS\System32\WS2_32.dll
0x00007ff86fba0000 - 0x00007ff86fbb2000 	C:\WINDOWS\SYSTEM32\kernel.appcore.dll
0x00007ff86c930000 - 0x00007ff86c93a000 	E:\SpringTool\sts-4.8.1.RELEASE\plugins\org.eclipse.justj.openjdk.hotspot.jre.full.win32.x86_64_15.0.0.v20201014-1246\jre\bin\jimage.dll
0x00007ff868e40000 - 0x00007ff869024000 	C:\WINDOWS\SYSTEM32\DBGHELP.DLL
0x00007ff868a70000 - 0x00007ff868a9c000 	C:\WINDOWS\SYSTEM32\dbgcore.DLL
0x00007ff871c70000 - 0x00007ff871cf0000 	C:\WINDOWS\System32\bcryptPrimitives.dll
0x00007ff867270000 - 0x00007ff8672a9000 	E:\SpringTool\sts-4.8.1.RELEASE\plugins\org.eclipse.justj.openjdk.hotspot.jre.full.win32.x86_64_15.0.0.v20201014-1246\jre\bin\jdwp.dll
0x00007ff86a500000 - 0x00007ff86a50e000 	E:\SpringTool\sts-4.8.1.RELEASE\plugins\org.eclipse.justj.openjdk.hotspot.jre.full.win32.x86_64_15.0.0.v20201014-1246\jre\bin\instrument.dll
0x00007ff867180000 - 0x00007ff8671a5000 	E:\SpringTool\sts-4.8.1.RELEASE\plugins\org.eclipse.justj.openjdk.hotspot.jre.full.win32.x86_64_15.0.0.v20201014-1246\jre\bin\java.dll
0x00007ff86c6a0000 - 0x00007ff86c6b8000 	E:\SpringTool\sts-4.8.1.RELEASE\plugins\org.eclipse.justj.openjdk.hotspot.jre.full.win32.x86_64_15.0.0.v20201014-1246\jre\bin\zip.dll
0x00007ff873d50000 - 0x00007ff874492000 	C:\WINDOWS\System32\SHELL32.dll
0x00007ff86fda0000 - 0x00007ff870530000 	C:\WINDOWS\SYSTEM32\windows.storage.dll
0x00007ff872950000 - 0x00007ff872ca5000 	C:\WINDOWS\System32\combase.dll
0x00007ff871690000 - 0x00007ff8716bc000 	C:\WINDOWS\SYSTEM32\Wldp.dll
0x00007ff8731c0000 - 0x00007ff87326e000 	C:\WINDOWS\System32\SHCORE.dll
0x00007ff873bc0000 - 0x00007ff873c15000 	C:\WINDOWS\System32\shlwapi.dll
0x00007ff871b60000 - 0x00007ff871b7f000 	C:\WINDOWS\SYSTEM32\profapi.dll
0x00007ff867e10000 - 0x00007ff867e29000 	E:\SpringTool\sts-4.8.1.RELEASE\plugins\org.eclipse.justj.openjdk.hotspot.jre.full.win32.x86_64_15.0.0.v20201014-1246\jre\bin\net.dll
0x00007ff8669b0000 - 0x00007ff866abc000 	C:\WINDOWS\SYSTEM32\WINHTTP.dll
0x00007ff871410000 - 0x00007ff87147a000 	C:\WINDOWS\system32\mswsock.dll
0x00007ff867160000 - 0x00007ff867172000 	E:\SpringTool\sts-4.8.1.RELEASE\plugins\org.eclipse.justj.openjdk.hotspot.jre.full.win32.x86_64_15.0.0.v20201014-1246\jre\bin\nio.dll
0x00007ff869b80000 - 0x00007ff869b8b000 	E:\SpringTool\sts-4.8.1.RELEASE\plugins\org.eclipse.justj.openjdk.hotspot.jre.full.win32.x86_64_15.0.0.v20201014-1246\jre\bin\dt_socket.dll
0x00007ff8710b0000 - 0x00007ff8710eb000 	C:\WINDOWS\SYSTEM32\IPHLPAPI.DLL
0x00007ff871100000 - 0x00007ff8711cb000 	C:\WINDOWS\SYSTEM32\DNSAPI.dll
0x00007ff873620000 - 0x00007ff873628000 	C:\WINDOWS\System32\NSI.dll
0x00007ff869f80000 - 0x00007ff869f8a000 	C:\Windows\System32\rasadhlp.dll
0x00007ff865920000 - 0x00007ff86599f000 	C:\WINDOWS\System32\fwpuclnt.dll
0x00007ff871f60000 - 0x00007ff871f87000 	C:\WINDOWS\System32\bcrypt.dll
0x00007ff86dc10000 - 0x00007ff86dc20000 	E:\SpringTool\sts-4.8.1.RELEASE\plugins\org.eclipse.justj.openjdk.hotspot.jre.full.win32.x86_64_15.0.0.v20201014-1246\jre\bin\verify.dll
0x00007ff869030000 - 0x00007ff869047000 	C:\WINDOWS\SYSTEM32\dhcpcsvc6.DLL
0x00007ff869970000 - 0x00007ff86998d000 	C:\WINDOWS\SYSTEM32\dhcpcsvc.DLL

dbghelp: loaded successfully - version: 4.0.5 - missing functions: none
symbol engine: initialized successfully - sym options: 0x614 - pdb path: .;E:\SpringTool\sts-4.8.1.RELEASE\plugins\org.eclipse.justj.openjdk.hotspot.jre.full.win32.x86_64_15.0.0.v20201014-1246\jre\bin;C:\WINDOWS\SYSTEM32;C:\WINDOWS\WinSxS\amd64_microsoft.windows.common-controls_6595b64144ccf1df_6.0.19041.844_none_ca00b6081b84eb1d;E:\SpringTool\sts-4.8.1.RELEASE\plugins\org.eclipse.justj.openjdk.hotspot.jre.full.win32.x86_64_15.0.0.v20201014-1246\jre\bin\server

VM Arguments:
jvm_args: -XX:+ShowCodeDetailsInExceptionMessages -agentlib:jdwp=transport=dt_socket,suspend=y,address=localhost:49453 -ea -javaagent:E:\SpringTool\sts-4.8.1.RELEASE\configuration\org.eclipse.osgi\262\0\.cp\lib\javaagent-shaded.jar -Dfile.encoding=UTF-8 --module-path=E:\Apache_log4j\log4j-core-2.14.0.jar;D:\Spring_workplace\jacoco-maven-plugin-0.8.6.jar 
java_command: org.eclipse.jdt.internal.junit.runner.RemoteTestRunner -version 3 -port 49452 -testLoaderClass org.eclipse.jdt.internal.junit5.runner.JUnit5TestLoader -loaderpluginname org.eclipse.jdt.junit5.runtime -classNames com.safety.net.services.ListConstructTest
java_class_path (initial): D:\Spring_workplace\SafetyNet\target\test-classes;D:\Spring_workplace\SafetyNet\target\classes;C:\Users\Stevens\.m2\repository\org\springframework\boot\spring-boot-starter-web\2.4.0\spring-boot-starter-web-2.4.0.jar;C:\Users\Stevens\.m2\repository\org\springframework\boot\spring-boot-starter\2.4.0\spring-boot-starter-2.4.0.jar;C:\Users\Stevens\.m2\repository\jakarta\annotation\jakarta.annotation-api\1.3.5\jakarta.annotation-api-1.3.5.jar;C:\Users\Stevens\.m2\repository\org\yaml\snakeyaml\1.27\snakeyaml-1.27.jar;C:\Users\Stevens\.m2\repository\org\springframework\boot\spring-boot-starter-json\2.4.0\spring-boot-starter-json-2.4.0.jar;C:\Users\Stevens\.m2\repository\com\fasterxml\jackson\core\jackson-databind\2.11.3\jackson-databind-2.11.3.jar;C:\Users\Stevens\.m2\repository\com\fasterxml\jackson\core\jackson-annotations\2.11.3\jackson-annotations-2.11.3.jar;C:\Users\Stevens\.m2\repository\com\fasterxml\jackson\core\jackson-core\2.11.3\jackson-core-2.11.3.jar;C:\Users\Stevens\.m2\repository\com\fasterxml\jackson\datatype\jackson-datatype-jdk8\2.11.3\jackson-datatype-jdk8-2.11.3.jar;C:\Users\Stevens\.m2\repository\com\fasterxml\jackson\datatype\jackson-datatype-jsr310\2.11.3\jackson-datatype-jsr310-2.11.3.jar;C:\Users\Stevens\.m2\repository\com\fasterxml\jackson\module\jackson-module-parameter-names\2.11.3\jackson-module-parameter-names-2.11.3.jar;C:\Users\Stevens\.m2\repository\org\springframework\boot\spring-boot-starter-tomcat\2.4.0\spring-boot-starter-tomcat-2.4.0.jar;C:\Users\Stevens\.m2\repository\org\apache\tomcat\embed\tomcat-embed-core\9.0.39\tomcat-embed-core-9.0.39.jar;C:\Users\Stevens\.m2\repository\org\glassfish\jakarta.el\3.0.3\jakarta.el-3.0.3.jar;C:\Users\Stevens\.m2\repository\org\apache\tomcat\embed\tomcat-embed-websocket\9.0.39\tomcat-embed-websocket-9.0.39.jar;C:\Users\Stevens\.m2\repository\org\springframework\spring-web\5.3.1\spring-web-5.3.1.jar;C:\Users\Stevens\.m2\repository\org\springframework\spring-webmvc\5.3.1\sp
Launcher Type: SUN_STANDARD

[Global flags]
     intx CICompilerCount                          = 12                                        {product} {ergonomic}
     uint ConcGCThreads                            = 3                                         {product} {ergonomic}
     uint G1ConcRefinementThreads                  = 13                                        {product} {ergonomic}
   size_t G1HeapRegionSize                         = 2097152                                   {product} {ergonomic}
    uintx GCDrainStackTargetSize                   = 64                                        {product} {ergonomic}
   size_t InitialHeapSize                          = 268435456                                 {product} {ergonomic}
   size_t MarkStackSize                            = 4194304                                   {product} {ergonomic}
   size_t MaxHeapSize                              = 4278190080                                {product} {ergonomic}
   size_t MaxNewSize                               = 2566914048                                {product} {ergonomic}
   size_t MinHeapDeltaBytes                        = 2097152                                   {product} {ergonomic}
   size_t MinHeapSize                              = 8388608                                   {product} {ergonomic}
    uintx NonNMethodCodeHeapSize                   = 7602480                                {pd product} {ergonomic}
    uintx NonProfiledCodeHeapSize                  = 122027880                              {pd product} {ergonomic}
    uintx ProfiledCodeHeapSize                     = 122027880                              {pd product} {ergonomic}
    uintx ReservedCodeCacheSize                    = 251658240                              {pd product} {ergonomic}
     bool SegmentedCodeCache                       = true                                      {product} {ergonomic}
     bool ShowCodeDetailsInExceptionMessages       = true                                   {manageable} {command line}
   size_t SoftMaxHeapSize                          = 4278190080                             {manageable} {ergonomic}
     bool UseCompressedClassPointers               = true                                 {lp64_product} {ergonomic}
     bool UseCompressedOops                        = true                                 {lp64_product} {ergonomic}
     bool UseG1GC                                  = true                                      {product} {ergonomic}
     bool UseLargePagesIndividualAllocation        = false                                  {pd product} {ergonomic}

Logging:
Log output configuration:
 #0: stdout all=warning uptime,level,tags
 #1: stderr all=off uptime,level,tags

Environment Variables:
JAVA_HOME=C:\Program Files\Java\jdk-14.0.1
PATH=E:\SpringTool\sts-4.8.1.RELEASE\plugins\org.eclipse.justj.openjdk.hotspot.jre.full.win32.x86_64_15.0.0.v20201014-1246\jre\bin;E:/SpringTool/sts-4.8.1.RELEASE//plugins/org.eclipse.justj.openjdk.hotspot.jre.full.win32.x86_64_15.0.0.v20201014-1246/jre/bin/server;E:/SpringTool/sts-4.8.1.RELEASE//plugins/org.eclipse.justj.openjdk.hotspot.jre.full.win32.x86_64_15.0.0.v20201014-1246/jre/bin;C:\Program Files (x86)\Common Files\Oracle\Java\javapath;C:\Windows\system32;C:\Windows;C:\Windows\System32\Wbem;C:\Windows\System32\WindowsPowerShell\v1.0\;C:\Windows\System32\OpenSSH\;C:\Program Files (x86)\NVIDIA Corporation\PhysX\Common;C:\Program Files\NVIDIA Corporation\NVIDIA NvDLISR;E:\Apache_Maven\apache-maven-3.6.3\bin;C:\Program Files\Java\jdk-14.0.1\bin;C:\WINDOWS\system32;C:\WINDOWS;C:\WINDOWS\System32\Wbem;C:\WINDOWS\System32\WindowsPowerShell\v1.0\;C:\WINDOWS\System32\OpenSSH\;E:\CliCloudFoundry\Cloud Foundry;E:\Git\Installation_Git\Git\cmd;C:\Users\Stevens\AppData\Local\Microsoft\WindowsApps;C:\Users\Stevens\AppData\Local\atom\bin;;%USERPROFILE%\AppData\Local\Microsoft\WindowsApps;E:\SpringTool\sts-4.8.1.RELEASE;
USERNAME=Stevens
OS=Windows_NT
PROCESSOR_IDENTIFIER=AMD64 Family 23 Model 8 Stepping 2, AuthenticAMD



---------------  S Y S T E M  ---------------

OS:
 Windows 10 , 64 bit Build 19041 (10.0.19041.804)
OS uptime: 1 days 19:59 hours

CPU: total 16 (initial active 16) (16 cores per cpu, 2 threads per core) family 23 model 8 stepping 2, cmov, cx8, fxsr, mmx, sse, sse2, sse3, ssse3, sse4.1, sse4.2, popcnt, vzeroupper, avx, avx2, aes, clmul, 3dnowpref, lzcnt, sse4a, ht, tsc, tscinvbit, tscinv, bmi1, bmi2, adx, sha, fma, clflush, clflushopt

Memory: 4k page, system-wide physical 16312M (7228M free)
TotalPageFile size 22200M (AvailPageFile size 5410M)
current process WorkingSet (physical memory assigned to process): 87M, peak: 193M
current process commit charge ("private bytes"): 168M, peak: 448M

vm_info: OpenJDK 64-Bit Server VM (15+36-1562) for windows-amd64 JRE (15+36-1562), built on Aug 11 2020 22:33:04 by "mach5one" with unknown MS VC++:1925

END.
